<?xml version="1.0" encoding="UTF-8"?>
<!-- Generated by org.testng.reporters.JUnitReportReporter -->
<testsuite hostname="DIN56002506" failures="0" tests="1" name="com.qa.pages.FlipkartLogin" time="0.743" errors="0" timestamp="17 Aug 2020 10:25:16 GMT" skipped="0">
  <testcase classname="com.qa.pages.FlipkartLogin" name="CorrectVal" time="0.743"/>
</testsuite> <!-- com.qa.pages.FlipkartLogin -->
